Created user: temp user 2 at 2024-09-06T07:18:41.012Z
Deleted user: temp user 2 at 2024-09-06T07:19:25.897Z
Created user: vishal agg, establishmentId: establishmentId at 2024-09-10T04:55:57.278Z
Logged in user: vishal agg, establishmentId: establishmentId at 2024-09-10T04:56:06.335Z
Logged in user: vishal agg, establishmentId: establishmentId at 2024-09-10T05:01:16.141Z
Logged in user: vishal agg, establishmentId: establishmentId at 2024-09-10T05:01:35.960Z
Logged in user: vishal agg, establishmentId: establishmentId at 2024-09-10T05:03:53.034Z
Logged in user: vishal agg, establishmentId: establishmentId at 2024-09-10T05:04:02.957Z
Created user: admin, establishmentId: establishmentId at 2024-09-10T18:08:24.136Z
Deleted user: vishal, establishmentId: undefined at 2024-10-06T09:08:24.252Z
Deleted user: s, establishmentId: undefined at 2024-10-06T09:53:11.849Z
Deleted user: w, establishmentId: undefined at 2024-10-06T10:01:34.622Z
Deleted user: r, establishmentId: undefined at 2024-10-06T10:01:35.361Z
Deleted user: vishal, establishmentId: undefined at 2024-10-25T15:15:04.255Z
Deleted user: frontend, establishmentId: undefined at 2024-10-25T15:15:05.348Z
Deleted user: va, establishmentId: undefined at 2024-10-25T15:15:08.485Z
Deleted user: va, establishmentId: undefined at 2024-10-25T15:25:12.925Z
Deleted user: admin, establishmentId: undefined at 2024-10-25T15:25:17.909Z
Deleted user: va, establishmentId: undefined at 2024-10-25T18:18:30.891Z
Deleted user: vaa, establishmentId: undefined at 2024-10-25T18:18:40.940Z
Created user: vishal, establishmentId: 1 at 2024-10-29T11:48:30.468Z
Logged in user: vishal, establishmentId: undefined at 2024-10-29T11:50:51.935Z
Logged in user: vishal, establishmentId: undefined at 2024-10-29T11:57:59.355Z
Logged in user: vishal, establishmentId: undefined at 2024-10-29T11:58:40.028Z
Created user: va, establishmentId: 2 at 2024-10-29T12:01:35.483Z
Deleted user: va, establishmentId: 2 at 2024-10-29T12:01:45.783Z
Created user: va, establishmentId: 1 at 2024-10-29T12:01:58.226Z
Created user: vaa, establishmentId: 3 at 2024-10-29T12:02:05.817Z
Deleted user: va, establishmentId: 1 at 2024-10-29T12:02:17.832Z
Created user: va, establishmentId: 1 at 2024-10-29T12:03:44.507Z
Deleted user: vaa, establishmentId: 3 at 2024-10-29T12:18:40.352Z
Deleted user: va, establishmentId: 1 at 2024-10-29T12:18:41.993Z
Logged in user: vishal, establishmentId: undefined at 2024-10-29T12:19:09.486Z
Created user: vaa, establishmentId: 2 at 2024-10-29T12:24:46.287Z
Logged in user: vaa, establishmentId: undefined at 2024-10-29T12:32:58.913Z
Logged in user: vaa, establishmentId: undefined at 2024-10-29T14:26:58.472Z
Logged in user: vaa, establishmentId: undefined at 2024-10-29T14:35:19.873Z
Logged in user: vaa, establishmentId: undefined at 2024-10-29T14:37:39.789Z
Logged in user: vaa, establishmentId: undefined at 2024-10-29T14:39:00.826Z
Logged in user: vaa, establishmentId: undefined at 2024-10-29T14:39:11.402Z
Logged in user: vaa, establishmentId: undefined at 2024-10-29T14:39:41.078Z
Logged in user: vaa, establishmentId: undefined at 2024-10-29T14:39:54.973Z
Logged in user: vaa, establishmentId: undefined at 2024-10-29T14:40:10.611Z
Logged in user: vaa, establishmentId: undefined at 2024-10-29T14:56:02.043Z
Created user: va, establishmentId: 1 at 2024-10-29T14:58:05.585Z
Logged in user: va, establishmentId: undefined at 2024-10-29T14:58:50.730Z
Logged in user: vaa, establishmentId: undefined at 2024-10-29T15:19:03.466Z
Logged in user: va, establishmentId: undefined at 2024-10-29T15:19:53.989Z
Created user: admin, establishmentId: 1 at 2024-10-29T15:29:11.771Z
Logged in user: admin, establishmentId: undefined at 2024-10-29T15:29:15.346Z
Logged in user: admin, establishmentId: undefined at 2024-10-29T15:30:26.168Z
Logged in user: admin, establishmentId: undefined at 2024-10-29T15:30:26.596Z
Logged in user: vaa, establishmentId: undefined at 2024-10-29T15:30:46.888Z
Logged in user: admin, establishmentId: undefined at 2024-10-29T15:34:46.653Z
Created user: temp, establishmentId: 1 at 2024-10-29T15:34:58.482Z
Logged in user: vaa, establishmentId: undefined at 2024-10-29T15:35:09.361Z
Logged in user: va, establishmentId: undefined at 2024-10-29T15:35:40.270Z
Logged in user: admin, establishmentId: undefined at 2024-10-29T16:21:44.766Z
Logged in user: admin, establishmentId: undefined at 2024-10-29T16:21:44.768Z
Logged in user: admin, establishmentId: undefined at 2024-10-29T16:21:45.056Z
Logged in user: admin, establishmentId: undefined at 2024-10-29T16:21:45.442Z
Logged in user: vaa, establishmentId: undefined at 2024-10-29T16:21:53.688Z
Logged in user: vaa, establishmentId: undefined at 2024-10-29T16:30:06.952Z
Logged in user: va, establishmentId: undefined at 2024-10-29T16:32:29.297Z
Logged in user: vaa, establishmentId: undefined at 2024-10-29T16:46:59.797Z
Logged in user: va, establishmentId: undefined at 2025-05-13T19:02:48.596Z
Logged in user: va, establishmentId: undefined at 2025-05-13T19:06:32.606Z
Logged in user: vaa, establishmentId: undefined at 2025-05-13T19:17:03.371Z
Logged in user: view, establishmentId: undefined at 2025-05-13T19:18:45.911Z
Logged in user: view, establishmentId: undefined at 2025-05-13T19:45:15.804Z
Logged in user: vaa, establishmentId: undefined at 2025-05-13T19:46:36.530Z
Logged in user: va, establishmentId: undefined at 2025-05-13T19:47:44.100Z
Logged in user: va, establishmentId: undefined at 2025-05-13T20:02:00.840Z
Logged in user: va, establishmentId: undefined at 2025-05-13T20:19:01.822Z
Logged in user: va, establishmentId: undefined at 2025-05-14T14:22:06.141Z
Logged in user: vaa, establishmentId: undefined at 2025-05-14T14:46:34.616Z
Logged in user: view, establishmentId: undefined at 2025-05-14T14:48:05.851Z
Logged in user: vaa, establishmentId: undefined at 2025-05-14T14:58:00.062Z
Logged in user: va, establishmentId: undefined at 2025-05-14T14:58:37.934Z
Logged in user: vaa, establishmentId: undefined at 2025-05-14T15:00:47.669Z
Logged in user: view, establishmentId: undefined at 2025-05-14T15:01:04.972Z
Logged in user: view, establishmentId: undefined at 2025-05-14T19:11:49.136Z
Logged in user: vaa, establishmentId: undefined at 2025-05-14T19:12:18.851Z
Logged in user: va, establishmentId: undefined at 2025-05-15T09:36:40.913Z
Logged in user: va, establishmentId: 5 at 2025-05-15T15:30:49.143Z
Logged in user: va, establishmentId: 5 at 2025-05-15T15:30:51.329Z
Logged in user: va, establishmentId: 5 at 2025-05-15T15:30:54.284Z
Logged in user: va, establishmentId: 5 at 2025-05-15T15:31:00.723Z
Logged in user: va, establishmentId: 5 at 2025-05-15T15:31:02.513Z
Logged in user: va, establishmentId: 5 at 2025-05-15T15:31:03.775Z
Logged in user: va, establishmentId: 5 at 2025-05-15T15:31:09.289Z
Logged in user: va, establishmentId: 5 at 2025-05-15T15:42:07.121Z
Logged in user: va, establishmentId: 5 at 2025-05-15T15:42:08.579Z
Logged in user: va, establishmentId: 5 at 2025-05-15T15:45:45.158Z
Logged in user: va, establishmentId: 5 at 2025-05-15T16:17:23.241Z
Logged in user: va, establishmentId: 5 at 2025-05-15T16:17:32.911Z
Logged in user: va, establishmentId: 5 at 2025-05-15T16:17:40.499Z
Logged in user: va, establishmentId: 5 at 2025-05-15T16:17:41.599Z
Logged in user: va, establishmentId: 5 at 2025-05-15T16:26:12.392Z
Logged in user: va, establishmentId: undefined at 2025-05-15T16:27:17.374Z
Logged in user: va, establishmentId: undefined at 2025-05-15T16:35:47.238Z
Logged in user: va, establishmentId: undefined at 2025-05-15T16:39:07.603Z
Logged in user: vaa, establishmentId: undefined at 2025-05-15T16:39:25.467Z
Logged in user: view, establishmentId: undefined at 2025-05-15T16:39:38.270Z
Logged in user: view, establishmentId: undefined at 2025-05-15T16:41:27.940Z
Logged in user: view, establishmentId: undefined at 2025-05-15T16:44:56.268Z
Logged in user: vaa, establishmentId: undefined at 2025-05-15T16:45:07.019Z
Logged in user: vaa, establishmentId: undefined at 2025-05-15T16:45:09.520Z
Logged in user: vaa, establishmentId: undefined at 2025-05-15T16:45:11.109Z
Logged in user: va, establishmentId: undefined at 2025-05-15T16:45:18.558Z
Logged in user: view, establishmentId: undefined at 2025-05-15T16:45:27.177Z
Logged in user: va, establishmentId: undefined at 2025-05-15T16:45:55.923Z
Logged in user: va, establishmentId: undefined at 2025-05-15T16:46:02.504Z
Logged in user: va, establishmentId: undefined at 2025-05-15T16:46:05.829Z
Logged in user: va, establishmentId: undefined at 2025-05-15T16:46:07.055Z
Logged in user: va, establishmentId: undefined at 2025-05-15T16:46:08.102Z
Logged in user: va, establishmentId: undefined at 2025-05-15T16:46:09.028Z
Logged in user: va, establishmentId: undefined at 2025-05-15T16:46:10.300Z
Logged in user: va, establishmentId: undefined at 2025-05-15T16:46:23.786Z
Logged in user: va, establishmentId: undefined at 2025-05-15T16:46:24.947Z
Logged in user: va, establishmentId: undefined at 2025-05-15T16:46:28.051Z
Logged in user: va, establishmentId: undefined at 2025-05-15T16:46:30.404Z
Logged in user: va, establishmentId: undefined at 2025-05-15T16:47:18.703Z
Logged in user: view, establishmentId: undefined at 2025-05-15T16:53:10.227Z
Logged in user: va, establishmentId: undefined at 2025-05-15T16:58:05.552Z
Logged in user: vaa, establishmentId: undefined at 2025-05-15T16:58:21.736Z
Logged in user: vaa, establishmentId: undefined at 2025-05-15T17:11:05.029Z
Logged in user: vaa, establishmentId: undefined at 2025-05-15T17:11:06.776Z
Logged in user: vaa, establishmentId: undefined at 2025-05-15T17:11:20.915Z
Logged in user: vaa, establishmentId: undefined at 2025-05-15T17:11:50.304Z
Logged in user: vaa, establishmentId: undefined at 2025-05-15T17:11:51.945Z
Logged in user: vaa, establishmentId: undefined at 2025-05-15T17:11:52.900Z
Logged in user: va, establishmentId: undefined at 2025-05-15T17:14:43.942Z
